0 info it worked if it ends with ok
1 verbose cli [ '/Users/matthewbroatch/.nvm/versions/node/v6.2.1/bin/node',
1 verbose cli   '/Users/matthewbroatch/.nvm/versions/node/v6.2.1/bin/npm',
1 verbose cli   'run',
1 verbose cli   'lint',
1 verbose cli   '--',
1 verbose cli   '--watch',
1 verbose cli   '--ext',
1 verbose cli   '.js',
1 verbose cli   '--ext',
1 verbose cli   '.jsx',
1 verbose cli   '--color' ]
2 info using npm@3.10.8
3 info using node@v6.2.1
4 verbose run-script [ 'prelint', 'lint', 'postlint' ]
5 info lifecycle react-template@1.0.0~prelint: react-template@1.0.0
6 silly lifecycle react-template@1.0.0~prelint: no script for prelint, continuing
7 info lifecycle react-template@1.0.0~lint: react-template@1.0.0
8 verbose lifecycle react-template@1.0.0~lint: unsafe-perm in lifecycle true
9 verbose lifecycle react-template@1.0.0~lint: PATH: /Users/matthewbroatch/.nvm/versions/node/v6.2.1/lib/node_modules/npm/bin/node-gyp-bin:/Users/matthewbroatch/Programming/scratch/templatefix/react-template/node_modules/.bin:/Users/matthewbroatch/.nvm/versions/node/v6.2.1/lib/node_modules/npm/bin/node-gyp-bin:/Users/matthewbroatch/Programming/scratch/templatefix/react-template/node_modules/.bin:/Users/matthewbroatch/.nvm/versions/node/v6.2.1/lib/node_modules/npm/bin/node-gyp-bin:/Users/matthewbroatch/Programming/scratch/templatefix/react-template/node_modules/.bin:/usr/local/sbin:/Users/matthewbroatch/Library/Android/sdk//platform-tools:/Users/matthewbroatch/Library/Android/sdk//tools:/Users/matthewbroatch/.nvm/versions/node/v6.2.1/bin:/usr/local/bin:/usr/bin:/bin:/usr/sbin:/sbin
10 verbose lifecycle react-template@1.0.0~lint: CWD: /Users/matthewbroatch/Programming/scratch/templatefix/react-template
11 silly lifecycle react-template@1.0.0~lint: Args: [ '-c', 'esw "--watch" "--ext" ".js" "--ext" ".jsx" "--color"' ]
12 silly lifecycle react-template@1.0.0~lint: Returned: code: 1  signal: null
13 info lifecycle react-template@1.0.0~lint: Failed to exec lint script
14 verbose stack Error: react-template@1.0.0 lint: `esw "--watch" "--ext" ".js" "--ext" ".jsx" "--color"`
14 verbose stack Exit status 1
14 verbose stack     at EventEmitter.<anonymous> (/Users/matthewbroatch/.nvm/versions/node/v6.2.1/lib/node_modules/npm/lib/utils/lifecycle.js:255:16)
14 verbose stack     at emitTwo (events.js:106:13)
14 verbose stack     at EventEmitter.emit (events.js:191:7)
14 verbose stack     at ChildProcess.<anonymous> (/Users/matthewbroatch/.nvm/versions/node/v6.2.1/lib/node_modules/npm/lib/utils/spawn.js:40:14)
14 verbose stack     at emitTwo (events.js:106:13)
14 verbose stack     at ChildProcess.emit (events.js:191:7)
14 verbose stack     at maybeClose (internal/child_process.js:852:16)
14 verbose stack     at Process.ChildProcess._handle.onexit (internal/child_process.js:215:5)
15 verbose pkgid react-template@1.0.0
16 verbose cwd /Users/matthewbroatch/Programming/scratch/templatefix/react-template
17 error Darwin 15.5.0
18 error argv "/Users/matthewbroatch/.nvm/versions/node/v6.2.1/bin/node" "/Users/matthewbroatch/.nvm/versions/node/v6.2.1/bin/npm" "run" "lint" "--" "--watch" "--ext" ".js" "--ext" ".jsx" "--color"
19 error node v6.2.1
20 error npm  v3.10.8
21 error code ELIFECYCLE
22 error react-template@1.0.0 lint: `esw "--watch" "--ext" ".js" "--ext" ".jsx" "--color"`
22 error Exit status 1
23 error Failed at the react-template@1.0.0 lint script 'esw "--watch" "--ext" ".js" "--ext" ".jsx" "--color"'.
23 error Make sure you have the latest version of node.js and npm installed.
23 error If you do, this is most likely a problem with the react-template package,
23 error not with npm itself.
23 error Tell the author that this fails on your system:
23 error     esw "--watch" "--ext" ".js" "--ext" ".jsx" "--color"
23 error You can get information on how to open an issue for this project with:
23 error     npm bugs react-template
23 error Or if that isn't available, you can get their info via:
23 error     npm owner ls react-template
23 error There is likely additional logging output above.
24 verbose exit [ 1, true ]
